#! /c/Source/iverilog-install/bin/vvp
:ivl_version "12.0 (devel)" "(s20150603-1539-g2693dd32b)";
:ivl_delay_selection "TYPICAL";
:vpi_time_precision + 0;
:vpi_module "C:\PROGRA~1\iverilog\lib\ivl\system.vpi";
:vpi_module "C:\PROGRA~1\iverilog\lib\ivl\vhdl_sys.vpi";
:vpi_module "C:\PROGRA~1\iverilog\lib\ivl\vhdl_textio.vpi";
:vpi_module "C:\PROGRA~1\iverilog\lib\ivl\v2005_math.vpi";
:vpi_module "C:\PROGRA~1\iverilog\lib\ivl\va_math.vpi";
S_0000020d62652900 .scope module, "priorityEncoder8" "priorityEncoder8" 2 2;
 .timescale 0 0;
    .port_info 0 /INPUT 8 "in";
    .port_info 1 /OUTPUT 3 "out";
    .port_info 2 /OUTPUT 1 "valid";
v0000020d62675580_0 .net *"_ivl_1", 0 0, L_0000020d626cfde0;  1 drivers
L_0000020d626d00d8 .functor BUFT 1, C4<101>, C4<0>, C4<0>, C4<0>;
v0000020d62674ea0_0 .net/2u *"_ivl_10", 2 0, L_0000020d626d00d8;  1 drivers
v0000020d62674860_0 .net *"_ivl_13", 0 0, L_0000020d626ce3a0;  1 drivers
L_0000020d626d0120 .functor BUFT 1, C4<100>, C4<0>, C4<0>, C4<0>;
v0000020d62675260_0 .net/2u *"_ivl_14", 2 0, L_0000020d626d0120;  1 drivers
v0000020d62674fe0_0 .net *"_ivl_17", 0 0, L_0000020d626ce300;  1 drivers
L_0000020d626d0168 .functor BUFT 1, C4<011>, C4<0>, C4<0>, C4<0>;
v0000020d62675080_0 .net/2u *"_ivl_18", 2 0, L_0000020d626d0168;  1 drivers
L_0000020d626d0048 .functor BUFT 1, C4<111>, C4<0>, C4<0>, C4<0>;
v0000020d62674a40_0 .net/2u *"_ivl_2", 2 0, L_0000020d626d0048;  1 drivers
v0000020d62674900_0 .net *"_ivl_21", 0 0, L_0000020d626cf700;  1 drivers
L_0000020d626d01b0 .functor BUFT 1, C4<010>, C4<0>, C4<0>, C4<0>;
v0000020d62675760_0 .net/2u *"_ivl_22", 2 0, L_0000020d626d01b0;  1 drivers
v0000020d62674d60_0 .net *"_ivl_25", 0 0, L_0000020d626ce080;  1 drivers
L_0000020d626d01f8 .functor BUFT 1, C4<001>, C4<0>, C4<0>, C4<0>;
v0000020d626749a0_0 .net/2u *"_ivl_26", 2 0, L_0000020d626d01f8;  1 drivers
v0000020d62674ae0_0 .net *"_ivl_29", 0 0, L_0000020d626cf020;  1 drivers
L_0000020d626d0240 .functor BUFT 1, C4<000>, C4<0>, C4<0>, C4<0>;
v0000020d62674b80_0 .net/2u *"_ivl_30", 2 0, L_0000020d626d0240;  1 drivers
L_0000020d626d0288 .functor BUFT 1, C4<000>, C4<0>, C4<0>, C4<0>;
v0000020d62675120_0 .net/2u *"_ivl_32", 2 0, L_0000020d626d0288;  1 drivers
v0000020d62674e00_0 .net *"_ivl_34", 2 0, L_0000020d626cf520;  1 drivers
v0000020d626751c0_0 .net *"_ivl_36", 2 0, L_0000020d626ce580;  1 drivers
v0000020d626753a0_0 .net *"_ivl_38", 2 0, L_0000020d626ce1c0;  1 drivers
v0000020d626cf840_0 .net *"_ivl_40", 2 0, L_0000020d626ceda0;  1 drivers
v0000020d626ce260_0 .net *"_ivl_42", 2 0, L_0000020d626ce940;  1 drivers
v0000020d626cf480_0 .net *"_ivl_44", 2 0, L_0000020d626cea80;  1 drivers
v0000020d626cfe80_0 .net *"_ivl_46", 2 0, L_0000020d626cf2a0;  1 drivers
v0000020d626ce800_0 .net *"_ivl_5", 0 0, L_0000020d626ce440;  1 drivers
L_0000020d626d0090 .functor BUFT 1, C4<110>, C4<0>, C4<0>, C4<0>;
v0000020d626cf5c0_0 .net/2u *"_ivl_6", 2 0, L_0000020d626d0090;  1 drivers
v0000020d626cfac0_0 .net *"_ivl_9", 0 0, L_0000020d626cf8e0;  1 drivers
o0000020d62687428 .functor BUFZ 8, C4<zzzzzzzz>; HiZ drive
v0000020d626cec60_0 .net "in", 7 0, o0000020d62687428;  0 drivers
v0000020d626cff20_0 .net "out", 2 0, L_0000020d626cf980;  1 drivers
v0000020d626cfd40_0 .net "valid", 0 0, L_0000020d626cfa20;  1 drivers
L_0000020d626cfde0 .part o0000020d62687428, 7, 1;
L_0000020d626ce440 .part o0000020d62687428, 6, 1;
L_0000020d626cf8e0 .part o0000020d62687428, 5, 1;
L_0000020d626ce3a0 .part o0000020d62687428, 4, 1;
L_0000020d626ce300 .part o0000020d62687428, 3, 1;
L_0000020d626cf700 .part o0000020d62687428, 2, 1;
L_0000020d626ce080 .part o0000020d62687428, 1, 1;
L_0000020d626cf020 .part o0000020d62687428, 0, 1;
L_0000020d626cf520 .functor MUXZ 3, L_0000020d626d0288, L_0000020d626d0240, L_0000020d626cf020, C4<>;
L_0000020d626ce580 .functor MUXZ 3, L_0000020d626cf520, L_0000020d626d01f8, L_0000020d626ce080, C4<>;
L_0000020d626ce1c0 .functor MUXZ 3, L_0000020d626ce580, L_0000020d626d01b0, L_0000020d626cf700, C4<>;
L_0000020d626ceda0 .functor MUXZ 3, L_0000020d626ce1c0, L_0000020d626d0168, L_0000020d626ce300, C4<>;
L_0000020d626ce940 .functor MUXZ 3, L_0000020d626ceda0, L_0000020d626d0120, L_0000020d626ce3a0, C4<>;
L_0000020d626cea80 .functor MUXZ 3, L_0000020d626ce940, L_0000020d626d00d8, L_0000020d626cf8e0, C4<>;
L_0000020d626cf2a0 .functor MUXZ 3, L_0000020d626cea80, L_0000020d626d0090, L_0000020d626ce440, C4<>;
L_0000020d626cf980 .functor MUXZ 3, L_0000020d626cf2a0, L_0000020d626d0048, L_0000020d626cfde0, C4<>;
L_0000020d626cfa20 .reduce/or o0000020d62687428;
# The file index is used to find the file name in the following table.
:file_names 3;
    "N/A";
    "<interactive>";
    "Lab5.v";
